Connecting to database specified by database.yml
Connecting to database specified by database.yml
Started GET "/" for 127.0.0.1 at 2013-03-01 21:00:21 -0500
Processing by WelcomeController#index as HTML
  Rendered welcome/index.html.haml within layouts/application (209.0ms)
Completed 500 Internal Server Error in 314ms

ActionView::Template::Error (application.css isn't precompiled):
    2: %html
    3:   %head
    4:     %title Tengops
    5:     = stylesheet_link_tag   "application", :media => "all"
    6:     = javascript_include_tag "application"
    7:     = csrf_meta_tags
    8:     %meta{:charset => "utf-8"}
  app/views/layouts/application.html.haml:5:in `_app_views_layouts_application_html_haml__4462553406036054512_70125904612520'


Connecting to database specified by database.yml
Started GET "/" for 127.0.0.1 at 2013-03-01 21:04:40 -0500
Processing by WelcomeController#index as HTML
  Rendered welcome/index.html.haml within layouts/application (216.8ms)
Completed 500 Internal Server Error in 341ms

ActionView::Template::Error (application.css isn't precompiled):
    2: %html
    3:   %head
    4:     %title Tengops
    5:     = stylesheet_link_tag   "application", :media => "all"
    6:     = javascript_include_tag "application"
    7:     = csrf_meta_tags
    8:     %meta{:charset => "utf-8"}
  app/views/layouts/application.html.haml:5:in `_app_views_layouts_application_html_haml__1471321304229042868_70312957770960'


